[INFO] [2018-11-19 09:33:08]:[ds_init start...]
[INFO] [2018-11-19 09:33:08]:[start loop download thread]
[INFO] [2018-11-19 09:33:08]:[id2_sync_thread thread finished]
[INFO] [2018-11-19 09:33:08]:[start loop report thread]
[INFO] [2018-11-19 09:33:09]:[down load id2 keys]
[INFO] [2018-11-19 09:33:10]:[This license remaining id2 number - 19]
[INFO] [2018-11-19 09:33:10]:[id2 key type -> 3]
[INFO] [2018-11-19 09:33:10]:[id2 key size -> 16]
[INFO] [2018-11-19 09:33:10]:[id2 -> 0026512CCCAC070A23D37900]
[INFO] [2018-11-19 09:38:33]:[ds_init start...]
[INFO] [2018-11-19 09:38:33]:[start loop download thread]
[INFO] [2018-11-19 09:38:33]:[id2_sync_thread thread finished]
[INFO] [2018-11-19 09:38:34]:[start loop report thread]
[INFO] [2018-11-19 09:38:34]:[down load id2 keys]
[INFO] [2018-11-19 09:38:34]:[This license remaining id2 number - 18]
[INFO] [2018-11-19 09:38:34]:[id2 key type -> 3]
[INFO] [2018-11-19 09:38:34]:[id2 key size -> 16]
[INFO] [2018-11-19 09:38:34]:[id2 -> 0026512CCCAC073B8D438C00]
[INFO] [2018-11-19 09:38:42]:[0026512CCCAC073B8D438C00 burn success.]
[INFO] [2018-11-19 09:38:42]:[waitting for ds_cleanup...]
[INFO] [2018-11-19 09:38:42]:[0026512CCCAC073B8D438C00 report success]
[INFO] [2018-11-19 09:38:42]:[0026512CCCAC073B8D438C00 remove success]
[INFO] [2018-11-19 09:38:42]:[burn_status_report thread finished]
[INFO] [2018-11-19 09:38:42]:[ds_cleanup finished...]
