[INFO] [2018-12-20 13:26:37]:[ds_init start...]
[INFO] [2018-12-20 13:26:37]:[start loop download thread]
[INFO] [2018-12-20 13:26:37]:[id2_sync_thread thread finished]
[INFO] [2018-12-20 13:26:37]:[start loop report thread]
[INFO] [2018-12-20 13:26:37]:[down load id2 keys]
[ERROR] [2018-12-20 13:26:38]:[gethostbyname error]
[ERROR] [2018-12-20 13:26:38]:[connect id2server failed.]
[ERROR] [2018-12-20 13:26:38]:[ getID2 errStr: .]
[ERROR] [2018-12-20 13:26:38]:[predownload faild.]
[INFO] [2018-12-20 13:27:22]:[ds_init start...]
[ERROR] [2018-12-20 13:27:22]:[SQL execute erro:(null)]
[INFO] [2018-12-20 13:27:22]:[start loop download thread]
[INFO] [2018-12-20 13:27:22]:[id2_sync_thread thread finished]
[INFO] [2018-12-20 13:27:22]:[start loop report thread]
[INFO] [2018-12-20 13:27:23]:[down load id2 keys]
[ERROR] [2018-12-20 13:27:23]:[gethostbyname error]
[ERROR] [2018-12-20 13:27:23]:[connect id2server failed.]
[ERROR] [2018-12-20 13:27:23]:[ getID2 errStr: .]
[ERROR] [2018-12-20 13:27:23]:[predownload faild.]
[INFO] [2018-12-20 13:27:37]:[ds_init start...]
[ERROR] [2018-12-20 13:27:37]:[db_getList2Report failed.]
[INFO] [2018-12-20 13:27:37]:[start loop download thread]
[INFO] [2018-12-20 13:27:37]:[burn_status_report thread finished]
[INFO] [2018-12-20 13:27:37]:[id2_sync_thread thread finished]
[INFO] [2018-12-20 13:27:38]:[start loop report thread]
[INFO] [2018-12-20 13:27:38]:[down load id2 keys]
[ERROR] [2018-12-20 13:27:38]:[gethostbyname error]
[ERROR] [2018-12-20 13:27:38]:[connect id2server failed.]
[ERROR] [2018-12-20 13:27:38]:[ getID2 errStr: .]
[ERROR] [2018-12-20 13:27:38]:[predownload faild.]
[INFO] [2018-12-20 13:29:27]:[ds_init start...]
[INFO] [2018-12-20 13:29:27]:[start loop download thread]
[INFO] [2018-12-20 13:29:27]:[id2_sync_thread thread finished]
[INFO] [2018-12-20 13:29:27]:[start loop report thread]
[INFO] [2018-12-20 13:29:27]:[down load id2 keys]
[INFO] [2018-12-20 13:29:28]:[This license remaining id2 number - 10]
[INFO] [2018-12-20 13:29:28]:[id2 key type -> 3]
[INFO] [2018-12-20 13:29:28]:[id2 key size -> 16]
[INFO] [2018-12-20 13:29:28]:[id2 -> 0026512CCCAC077886BCFC00]
[INFO] [2018-12-20 13:29:31]:[0026512CCCAC077886BCFC00 burn success.]
[INFO] [2018-12-20 13:29:31]:[waitting for ds_cleanup...]
[INFO] [2018-12-20 13:29:31]:[0026512CCCAC077886BCFC00 report success]
[INFO] [2018-12-20 13:29:31]:[0026512CCCAC077886BCFC00 remove success]
[INFO] [2018-12-20 13:29:31]:[burn_status_report thread finished]
[INFO] [2018-12-20 13:29:31]:[ds_cleanup finished...]
