[INFO] [2018-11-16 11:00:07]:[ds_init start...]
[INFO] [2018-11-16 11:00:07]:[start loop download thread]
[INFO] [2018-11-16 11:00:07]:[id2_sync_thread thread finished]
[INFO] [2018-11-16 11:00:07]:[start loop report thread]
[INFO] [2018-11-16 11:00:24]:[ds_init start...]
[INFO] [2018-11-16 11:00:24]:[start loop download thread]
[INFO] [2018-11-16 11:00:24]:[id2_sync_thread thread finished]
[INFO] [2018-11-16 11:00:24]:[start loop report thread]
[INFO] [2018-11-16 11:00:24]:[down load id2 keys]
[ERROR] [2018-11-16 11:00:25]:[gethostbyname error]
[ERROR] [2018-11-16 11:00:25]:[connect id2server failed.]
[ERROR] [2018-11-16 11:00:25]:[ getID2 errStr: .]
[ERROR] [2018-11-16 11:00:25]:[predownload faild.]
[INFO] [2018-11-16 11:00:39]:[ds_init start...]
[INFO] [2018-11-16 11:00:39]:[start loop download thread]
[INFO] [2018-11-16 11:00:39]:[id2_sync_thread thread finished]
[INFO] [2018-11-16 11:00:39]:[start loop report thread]
[INFO] [2018-11-16 11:00:39]:[down load id2 keys]
[ERROR] [2018-11-16 11:00:39]:[gethostbyname error]
[ERROR] [2018-11-16 11:00:39]:[connect id2server failed.]
[ERROR] [2018-11-16 11:00:39]:[ getID2 errStr: .]
[ERROR] [2018-11-16 11:00:39]:[predownload faild.]
[INFO] [2018-11-16 11:03:34]:[ds_init start...]
[INFO] [2018-11-16 11:03:34]:[start loop download thread]
[INFO] [2018-11-16 11:03:34]:[id2_sync_thread thread finished]
[INFO] [2018-11-16 11:03:35]:[start loop report thread]
[INFO] [2018-11-16 11:03:35]:[down load id2 keys]
[ERROR] [2018-11-16 11:03:35]:[gethostbyname error]
[ERROR] [2018-11-16 11:03:35]:[connect id2server failed.]
[ERROR] [2018-11-16 11:03:35]:[ getID2 errStr: .]
[ERROR] [2018-11-16 11:03:35]:[predownload faild.]
[INFO] [2018-11-16 11:03:51]:[ds_init start...]
[INFO] [2018-11-16 11:03:51]:[start loop download thread]
[INFO] [2018-11-16 11:03:51]:[id2_sync_thread thread finished]
[INFO] [2018-11-16 11:03:52]:[start loop report thread]
[INFO] [2018-11-16 11:03:52]:[down load id2 keys]
[ERROR] [2018-11-16 11:03:52]:[gethostbyname error]
[ERROR] [2018-11-16 11:03:52]:[connect id2server failed.]
[ERROR] [2018-11-16 11:03:52]:[ getID2 errStr: .]
[ERROR] [2018-11-16 11:03:52]:[predownload faild.]
[INFO] [2018-11-16 11:21:22]:[ds_init start...]
[INFO] [2018-11-16 11:21:22]:[start loop download thread]
[INFO] [2018-11-16 11:21:22]:[id2_sync_thread thread finished]
[INFO] [2018-11-16 11:21:22]:[start loop report thread]
[INFO] [2018-11-16 11:21:22]:[down load id2 keys]
[ERROR] [2018-11-16 11:21:23]:[gethostbyname error]
[ERROR] [2018-11-16 11:21:23]:[connect id2server failed.]
[ERROR] [2018-11-16 11:21:23]:[ getID2 errStr: .]
[ERROR] [2018-11-16 11:21:23]:[predownload faild.]
[INFO] [2018-11-16 11:29:52]:[ds_init start...]
[INFO] [2018-11-16 11:29:52]:[start loop download thread]
[INFO] [2018-11-16 11:29:52]:[id2_sync_thread thread finished]
[INFO] [2018-11-16 11:29:52]:[start loop report thread]
[INFO] [2018-11-16 11:29:53]:[down load id2 keys]
[INFO] [2018-11-16 11:29:53]:[This license remaining id2 number - 9]
[INFO] [2018-11-16 11:29:53]:[id2 key type -> 3]
[INFO] [2018-11-16 11:29:53]:[id2 key size -> 16]
[INFO] [2018-11-16 11:29:53]:[id2 -> 0026512CCCAC0798647EB200]
[INFO] [2018-11-16 11:30:11]:[ds_init start...]
[INFO] [2018-11-16 11:30:11]:[start loop download thread]
[INFO] [2018-11-16 11:30:11]:[id2_sync_thread thread finished]
[INFO] [2018-11-16 11:30:11]:[start loop report thread]
[INFO] [2018-11-16 11:30:11]:[down load id2 keys]
[INFO] [2018-11-16 11:30:12]:[This license remaining id2 number - 8]
[INFO] [2018-11-16 11:30:12]:[id2 key type -> 3]
[INFO] [2018-11-16 11:30:12]:[id2 key size -> 16]
[INFO] [2018-11-16 11:30:12]:[id2 -> 0026512CCCAC0741BBAF5500]
[INFO] [2018-11-16 11:34:10]:[ds_init start...]
[INFO] [2018-11-16 11:34:10]:[start loop download thread]
[INFO] [2018-11-16 11:34:10]:[id2_sync_thread thread finished]
[INFO] [2018-11-16 11:34:10]:[start loop report thread]
[INFO] [2018-11-16 11:34:11]:[down load id2 keys]
[INFO] [2018-11-16 11:34:11]:[This license remaining id2 number - 7]
[INFO] [2018-11-16 11:34:11]:[id2 key type -> 3]
[INFO] [2018-11-16 11:34:11]:[id2 key size -> 16]
[INFO] [2018-11-16 11:34:11]:[id2 -> 0026512CCCAC07AB68311900]
[INFO] [2018-11-16 11:34:11]:[0026512CCCAC07AB68311900 burn success.]
[INFO] [2018-11-16 11:35:28]:[ds_init start...]
[INFO] [2018-11-16 11:35:28]:[start loop download thread]
[INFO] [2018-11-16 11:35:28]:[id2_sync_thread thread finished]
[INFO] [2018-11-16 11:35:28]:[start loop report thread]
[INFO] [2018-11-16 11:35:28]:[down load id2 keys]
[INFO] [2018-11-16 11:35:29]:[This license remaining id2 number - 6]
[INFO] [2018-11-16 11:35:29]:[id2 key type -> 3]
[INFO] [2018-11-16 11:35:29]:[id2 key size -> 16]
[INFO] [2018-11-16 11:35:29]:[id2 -> 0026512CCCAC075681C51B00]
[INFO] [2018-11-16 11:35:29]:[0026512CCCAC075681C51B00 burn success.]
[INFO] [2018-11-16 11:35:51]:[ds_init start...]
[INFO] [2018-11-16 11:35:51]:[start loop download thread]
[INFO] [2018-11-16 11:35:51]:[id2_sync_thread thread finished]
[INFO] [2018-11-16 11:35:52]:[start loop report thread]
[INFO] [2018-11-16 11:35:52]:[down load id2 keys]
[INFO] [2018-11-16 11:35:52]:[This license remaining id2 number - 5]
[INFO] [2018-11-16 11:35:52]:[id2 key type -> 3]
[INFO] [2018-11-16 11:35:52]:[id2 key size -> 16]
[INFO] [2018-11-16 11:35:52]:[id2 -> 0026512CCCAC072F6F408700]
[INFO] [2018-11-16 11:35:52]:[0026512CCCAC072F6F408700 burn success.]
[INFO] [2018-11-16 11:36:09]:[ds_init start...]
[INFO] [2018-11-16 11:36:09]:[start loop download thread]
[INFO] [2018-11-16 11:36:09]:[id2_sync_thread thread finished]
[INFO] [2018-11-16 11:36:09]:[start loop report thread]
[INFO] [2018-11-16 11:36:10]:[down load id2 keys]
[INFO] [2018-11-16 11:36:10]:[This license remaining id2 number - 4]
[INFO] [2018-11-16 11:36:10]:[id2 key type -> 3]
[INFO] [2018-11-16 11:36:10]:[id2 key size -> 16]
[INFO] [2018-11-16 11:36:10]:[id2 -> 0026512CCCAC079F79D46400]
[INFO] [2018-11-16 11:36:12]:[0026512CCCAC079F79D46400 burn success.]
[INFO] [2018-11-16 11:36:50]:[ds_init start...]
[INFO] [2018-11-16 11:36:50]:[start loop download thread]
[INFO] [2018-11-16 11:36:50]:[id2_sync_thread thread finished]
[INFO] [2018-11-16 11:36:50]:[start loop report thread]
[INFO] [2018-11-16 11:36:50]:[down load id2 keys]
[INFO] [2018-11-16 11:36:51]:[This license remaining id2 number - 3]
[INFO] [2018-11-16 11:36:51]:[id2 key type -> 3]
[INFO] [2018-11-16 11:36:51]:[id2 key size -> 16]
[INFO] [2018-11-16 11:36:51]:[id2 -> 0026512CCCAC0700C8131500]
[INFO] [2018-11-16 11:36:57]:[0026512CCCAC0700C8131500 burn success.]
[INFO] [2018-11-16 11:37:23]:[ds_init start...]
[INFO] [2018-11-16 11:37:23]:[start loop download thread]
[INFO] [2018-11-16 11:37:23]:[id2_sync_thread thread finished]
[INFO] [2018-11-16 11:37:23]:[start loop report thread]
[INFO] [2018-11-16 11:37:23]:[down load id2 keys]
[INFO] [2018-11-16 11:37:24]:[This license remaining id2 number - 2]
[INFO] [2018-11-16 11:37:24]:[id2 key type -> 3]
[INFO] [2018-11-16 11:37:24]:[id2 key size -> 16]
[INFO] [2018-11-16 11:37:24]:[id2 -> 0026512CCCAC07945AD30A00]
[INFO] [2018-11-16 11:37:31]:[0026512CCCAC07945AD30A00 burn success.]
[INFO] [2018-11-16 11:37:49]:[ds_init start...]
[INFO] [2018-11-16 11:37:49]:[start loop download thread]
[INFO] [2018-11-16 11:37:49]:[id2_sync_thread thread finished]
[INFO] [2018-11-16 11:37:50]:[start loop report thread]
[INFO] [2018-11-16 11:37:50]:[down load id2 keys]
[INFO] [2018-11-16 11:37:50]:[This license remaining id2 number - 1]
[INFO] [2018-11-16 11:37:50]:[id2 key type -> 3]
[INFO] [2018-11-16 11:37:50]:[id2 key size -> 16]
[INFO] [2018-11-16 11:37:50]:[id2 -> 0026512CCCAC07E559C7C400]
[INFO] [2018-11-16 11:37:57]:[0026512CCCAC07E559C7C400 burn success.]
[INFO] [2018-11-16 11:39:39]:[ds_init start...]
[INFO] [2018-11-16 11:39:39]:[start loop download thread]
[INFO] [2018-11-16 11:39:39]:[id2_sync_thread thread finished]
[INFO] [2018-11-16 11:39:40]:[start loop report thread]
[INFO] [2018-11-16 11:39:40]:[down load id2 keys]
[INFO] [2018-11-16 11:39:40]:[This license remaining id2 number - 0]
[INFO] [2018-11-16 11:39:40]:[id2 key type -> 3]
[INFO] [2018-11-16 11:39:40]:[id2 key size -> 16]
[INFO] [2018-11-16 11:39:40]:[id2 -> 0026512CCCAC0734B026FD00]
[INFO] [2018-11-16 11:39:40]:[0026512CCCAC0734B026FD00 burn success.]
[INFO] [2018-11-16 11:42:18]:[ds_init start...]
[INFO] [2018-11-16 11:42:18]:[start loop download thread]
[INFO] [2018-11-16 11:42:18]:[id2_sync_thread thread finished]
[INFO] [2018-11-16 11:42:19]:[start loop report thread]
[INFO] [2018-11-16 11:42:19]:[down load id2 keys]
[ERROR] [2018-11-16 11:42:19]:[The id2 quota is exhausted.]
[INFO] [2018-11-16 11:42:19]:[json_data - {"code":16,"msg":"QUOTA_NOT_ENOUGH","value":null,"deliveryInfo":null,"remaining":null,"keyType":null,"keyParam":null}]
[ERROR] [2018-11-16 11:42:19]:[ getID2 errStr: QUOTA_NOT_ENOUGH.]
[ERROR] [2018-11-16 11:42:19]:[predownload faild.]
[INFO] [2018-11-16 11:42:39]:[ds_init start...]
[INFO] [2018-11-16 11:42:39]:[start loop download thread]
[INFO] [2018-11-16 11:42:39]:[id2_sync_thread thread finished]
[INFO] [2018-11-16 11:42:39]:[start loop report thread]
[INFO] [2018-11-16 11:42:39]:[down load id2 keys]
[ERROR] [2018-11-16 11:42:40]:[The id2 quota is exhausted.]
[INFO] [2018-11-16 11:42:40]:[json_data - {"code":16,"msg":"QUOTA_NOT_ENOUGH","value":null,"deliveryInfo":null,"remaining":null,"keyType":null,"keyParam":null}]
[ERROR] [2018-11-16 11:42:40]:[ getID2 errStr: QUOTA_NOT_ENOUGH.]
[ERROR] [2018-11-16 11:42:40]:[predownload faild.]
[INFO] [2018-11-16 14:52:24]:[ds_init start...]
[INFO] [2018-11-16 14:52:24]:[start loop download thread]
[INFO] [2018-11-16 14:52:24]:[id2_sync_thread thread finished]
[INFO] [2018-11-16 14:52:24]:[start loop report thread]
[INFO] [2018-11-16 14:52:24]:[down load id2 keys]
[INFO] [2018-11-16 14:52:25]:[This license remaining id2 number - 99]
[INFO] [2018-11-16 14:52:25]:[id2 key type -> 3]
[INFO] [2018-11-16 14:52:25]:[id2 key size -> 16]
[INFO] [2018-11-16 14:52:25]:[id2 -> 0026512CCCAC07BC48B05400]
[INFO] [2018-11-16 14:53:17]:[ds_init start...]
[INFO] [2018-11-16 14:53:17]:[start loop download thread]
[INFO] [2018-11-16 14:53:17]:[id2_sync_thread thread finished]
[INFO] [2018-11-16 14:53:17]:[start loop report thread]
[INFO] [2018-11-16 14:53:17]:[down load id2 keys]
[INFO] [2018-11-16 14:53:18]:[This license remaining id2 number - 98]
[INFO] [2018-11-16 14:53:18]:[id2 key type -> 3]
[INFO] [2018-11-16 14:53:18]:[id2 key size -> 16]
[INFO] [2018-11-16 14:53:18]:[id2 -> 0026512CCCAC07D1DBE09F00]
[INFO] [2018-11-16 14:55:24]:[ds_init start...]
[INFO] [2018-11-16 14:55:24]:[start loop download thread]
[INFO] [2018-11-16 14:55:24]:[id2_sync_thread thread finished]
[INFO] [2018-11-16 14:55:24]:[start loop report thread]
[INFO] [2018-11-16 14:55:24]:[down load id2 keys]
[INFO] [2018-11-16 14:55:25]:[This license remaining id2 number - 97]
[INFO] [2018-11-16 14:55:25]:[id2 key type -> 3]
[INFO] [2018-11-16 14:55:25]:[id2 key size -> 16]
[INFO] [2018-11-16 14:55:25]:[id2 -> 0026512CCCAC077FAE957100]
[INFO] [2018-11-16 15:11:15]:[ds_init start...]
[INFO] [2018-11-16 15:11:15]:[start loop download thread]
[INFO] [2018-11-16 15:11:15]:[id2_sync_thread thread finished]
[INFO] [2018-11-16 15:11:16]:[start loop report thread]
[INFO] [2018-11-16 15:11:16]:[down load id2 keys]
[INFO] [2018-11-16 15:11:18]:[This license remaining id2 number - 96]
[INFO] [2018-11-16 15:11:18]:[id2 key type -> 3]
[INFO] [2018-11-16 15:11:18]:[id2 key size -> 16]
[INFO] [2018-11-16 15:11:18]:[id2 -> 0026512CCCAC076B758BED00]
[INFO] [2018-11-16 18:19:28]:[ds_init start...]
[INFO] [2018-11-16 18:19:28]:[start loop download thread]
[INFO] [2018-11-16 18:19:28]:[id2_sync_thread thread finished]
[INFO] [2018-11-16 18:19:28]:[start loop report thread]
[INFO] [2018-11-16 18:19:28]:[down load id2 keys]
[INFO] [2018-11-16 18:19:29]:[This license remaining id2 number - 95]
[INFO] [2018-11-16 18:19:29]:[id2 key type -> 3]
[INFO] [2018-11-16 18:19:29]:[id2 key size -> 16]
[INFO] [2018-11-16 18:19:29]:[id2 -> 0026512CCCAC07D291760500]
[INFO] [2018-11-16 19:02:04]:[ds_init start...]
[INFO] [2018-11-16 19:02:04]:[start loop download thread]
[INFO] [2018-11-16 19:02:04]:[id2_sync_thread thread finished]
[INFO] [2018-11-16 19:02:04]:[start loop report thread]
[INFO] [2018-11-16 19:02:04]:[down load id2 keys]
[INFO] [2018-11-16 19:02:05]:[This license remaining id2 number - 94]
[INFO] [2018-11-16 19:02:05]:[id2 key type -> 3]
[INFO] [2018-11-16 19:02:05]:[id2 key size -> 16]
[INFO] [2018-11-16 19:02:05]:[id2 -> 0026512CCCAC07581960BF00]
[INFO] [2018-11-16 19:02:44]:[ds_init start...]
[INFO] [2018-11-16 19:02:44]:[start loop download thread]
[INFO] [2018-11-16 19:02:44]:[id2_sync_thread thread finished]
[INFO] [2018-11-16 19:02:44]:[start loop report thread]
[INFO] [2018-11-16 19:02:44]:[down load id2 keys]
[INFO] [2018-11-16 19:02:45]:[This license remaining id2 number - 93]
[INFO] [2018-11-16 19:02:45]:[id2 key type -> 3]
[INFO] [2018-11-16 19:02:45]:[id2 key size -> 16]
[INFO] [2018-11-16 19:02:45]:[id2 -> 0026512CCCAC07C1F9B84B00]
[INFO] [2018-11-16 19:04:04]:[ds_init start...]
[INFO] [2018-11-16 19:04:04]:[start loop download thread]
[INFO] [2018-11-16 19:04:04]:[id2_sync_thread thread finished]
[INFO] [2018-11-16 19:04:04]:[start loop report thread]
[INFO] [2018-11-16 19:04:04]:[down load id2 keys]
[INFO] [2018-11-16 19:04:05]:[This license remaining id2 number - 92]
[INFO] [2018-11-16 19:04:05]:[id2 key type -> 3]
[INFO] [2018-11-16 19:04:05]:[id2 key size -> 16]
[INFO] [2018-11-16 19:04:05]:[id2 -> 0026512CCCAC079F000F7200]
[INFO] [2018-11-16 19:04:12]:[0026512CCCAC079F000F7200 burn success.]
[INFO] [2018-11-16 19:04:27]:[ds_init start...]
[INFO] [2018-11-16 19:04:27]:[start loop download thread]
[INFO] [2018-11-16 19:04:27]:[id2_sync_thread thread finished]
[INFO] [2018-11-16 19:04:28]:[start loop report thread]
[INFO] [2018-11-16 19:04:28]:[down load id2 keys]
[INFO] [2018-11-16 19:04:28]:[This license remaining id2 number - 91]
[INFO] [2018-11-16 19:04:28]:[id2 key type -> 3]
[INFO] [2018-11-16 19:04:28]:[id2 key size -> 16]
[INFO] [2018-11-16 19:04:28]:[id2 -> 0026512CCCAC078CE6022800]
[INFO] [2018-11-16 19:04:35]:[0026512CCCAC078CE6022800 burn success.]
[INFO] [2018-11-16 19:05:10]:[ds_init start...]
[INFO] [2018-11-16 19:05:10]:[start loop download thread]
[INFO] [2018-11-16 19:05:10]:[id2_sync_thread thread finished]
[INFO] [2018-11-16 19:05:10]:[start loop report thread]
[INFO] [2018-11-16 19:05:10]:[down load id2 keys]
[INFO] [2018-11-16 19:05:11]:[This license remaining id2 number - 90]
[INFO] [2018-11-16 19:05:11]:[id2 key type -> 3]
[INFO] [2018-11-16 19:05:11]:[id2 key size -> 16]
[INFO] [2018-11-16 19:05:11]:[id2 -> 0026512CCCAC07451351B600]
[INFO] [2018-11-16 19:05:18]:[0026512CCCAC07451351B600 burn success.]
[INFO] [2018-11-16 19:05:43]:[ds_init start...]
[INFO] [2018-11-16 19:05:43]:[start loop download thread]
[INFO] [2018-11-16 19:05:43]:[id2_sync_thread thread finished]
[INFO] [2018-11-16 19:05:43]:[start loop report thread]
[INFO] [2018-11-16 19:05:43]:[down load id2 keys]
[INFO] [2018-11-16 19:05:43]:[This license remaining id2 number - 89]
[INFO] [2018-11-16 19:05:43]:[id2 key type -> 3]
[INFO] [2018-11-16 19:05:43]:[id2 key size -> 16]
[INFO] [2018-11-16 19:05:43]:[id2 -> 0026512CCCAC07687D533300]
[INFO] [2018-11-16 19:05:50]:[0026512CCCAC07687D533300 burn success.]
[INFO] [2018-11-16 19:07:03]:[ds_init start...]
[INFO] [2018-11-16 19:07:03]:[start loop download thread]
[INFO] [2018-11-16 19:07:03]:[id2_sync_thread thread finished]
[INFO] [2018-11-16 19:07:03]:[start loop report thread]
[INFO] [2018-11-16 19:07:04]:[down load id2 keys]
[INFO] [2018-11-16 19:07:04]:[This license remaining id2 number - 88]
[INFO] [2018-11-16 19:07:04]:[id2 key type -> 3]
[INFO] [2018-11-16 19:07:04]:[id2 key size -> 16]
[INFO] [2018-11-16 19:07:04]:[id2 -> 0026512CCCAC07DE9F9B8D00]
[INFO] [2018-11-16 19:07:11]:[0026512CCCAC07DE9F9B8D00 burn success.]
[INFO] [2018-11-16 19:07:12]:[0026512CCCAC07DE9F9B8D00 report success]
[INFO] [2018-11-16 19:07:12]:[0026512CCCAC07DE9F9B8D00 remove success]
[INFO] [2018-11-16 19:08:23]:[ds_init start...]
[INFO] [2018-11-16 19:08:23]:[start loop download thread]
[INFO] [2018-11-16 19:08:23]:[id2_sync_thread thread finished]
[INFO] [2018-11-16 19:08:23]:[start loop report thread]
[INFO] [2018-11-16 19:08:23]:[down load id2 keys]
[INFO] [2018-11-16 19:08:24]:[This license remaining id2 number - 87]
[INFO] [2018-11-16 19:08:24]:[id2 key type -> 3]
[INFO] [2018-11-16 19:08:24]:[id2 key size -> 16]
[INFO] [2018-11-16 19:08:24]:[id2 -> 0026512CCCAC07A1FFDDD600]
[INFO] [2018-11-16 19:08:31]:[0026512CCCAC07A1FFDDD600 burn success.]
[INFO] [2018-11-16 19:12:58]:[ds_init start...]
[INFO] [2018-11-16 19:12:58]:[start loop download thread]
[INFO] [2018-11-16 19:12:58]:[id2_sync_thread thread finished]
[INFO] [2018-11-16 19:12:58]:[start loop report thread]
[INFO] [2018-11-16 19:12:58]:[down load id2 keys]
[INFO] [2018-11-16 19:12:58]:[This license remaining id2 number - 86]
[INFO] [2018-11-16 19:12:58]:[id2 key type -> 3]
[INFO] [2018-11-16 19:12:58]:[id2 key size -> 16]
[INFO] [2018-11-16 19:12:58]:[id2 -> 0026512CCCAC07042F330C00]
[INFO] [2018-11-16 19:13:05]:[0026512CCCAC07042F330C00 burn success.]
[INFO] [2018-11-16 19:17:29]:[ds_init start...]
[INFO] [2018-11-16 19:17:29]:[start loop download thread]
[INFO] [2018-11-16 19:17:29]:[id2_sync_thread thread finished]
[INFO] [2018-11-16 19:17:29]:[start loop report thread]
[INFO] [2018-11-16 19:17:30]:[down load id2 keys]
[INFO] [2018-11-16 19:17:30]:[This license remaining id2 number - 85]
[INFO] [2018-11-16 19:17:30]:[id2 key type -> 3]
[INFO] [2018-11-16 19:17:30]:[id2 key size -> 16]
[INFO] [2018-11-16 19:17:30]:[id2 -> 0026512CCCAC071D2C8FAC00]
[INFO] [2018-11-16 19:17:37]:[0026512CCCAC071D2C8FAC00 burn success.]
[INFO] [2018-11-16 19:17:55]:[ds_init start...]
[INFO] [2018-11-16 19:17:55]:[start loop download thread]
[INFO] [2018-11-16 19:17:55]:[id2_sync_thread thread finished]
[INFO] [2018-11-16 19:17:55]:[start loop report thread]
[INFO] [2018-11-16 19:17:56]:[down load id2 keys]
[INFO] [2018-11-16 19:17:56]:[This license remaining id2 number - 84]
[INFO] [2018-11-16 19:17:56]:[id2 key type -> 3]
[INFO] [2018-11-16 19:17:56]:[id2 key size -> 16]
[INFO] [2018-11-16 19:17:56]:[id2 -> 0026512CCCAC07B108464D00]
[INFO] [2018-11-16 19:18:03]:[0026512CCCAC07B108464D00 burn success.]
[INFO] [2018-11-16 19:19:49]:[ds_init start...]
[INFO] [2018-11-16 19:19:49]:[start loop download thread]
[INFO] [2018-11-16 19:19:49]:[id2_sync_thread thread finished]
[INFO] [2018-11-16 19:19:49]:[start loop report thread]
[INFO] [2018-11-16 19:19:49]:[down load id2 keys]
[INFO] [2018-11-16 19:19:50]:[This license remaining id2 number - 83]
[INFO] [2018-11-16 19:19:50]:[id2 key type -> 3]
[INFO] [2018-11-16 19:19:50]:[id2 key size -> 16]
[INFO] [2018-11-16 19:19:50]:[id2 -> 0026512CCCAC075D54C15400]
[INFO] [2018-11-16 19:19:57]:[0026512CCCAC075D54C15400 burn success.]
[INFO] [2018-11-16 19:22:53]:[ds_init start...]
[INFO] [2018-11-16 19:22:53]:[start loop download thread]
[INFO] [2018-11-16 19:22:53]:[id2_sync_thread thread finished]
[INFO] [2018-11-16 19:22:53]:[start loop report thread]
[INFO] [2018-11-16 19:22:53]:[down load id2 keys]
[INFO] [2018-11-16 19:22:53]:[This license remaining id2 number - 82]
[INFO] [2018-11-16 19:22:53]:[id2 key type -> 3]
[INFO] [2018-11-16 19:22:53]:[id2 key size -> 16]
[INFO] [2018-11-16 19:22:53]:[id2 -> 0026512CCCAC07AF4A1DDB00]
[INFO] [2018-11-16 19:23:00]:[0026512CCCAC07AF4A1DDB00 burn success.]
[INFO] [2018-11-16 19:26:16]:[ds_init start...]
[INFO] [2018-11-16 19:26:16]:[start loop download thread]
[INFO] [2018-11-16 19:26:16]:[id2_sync_thread thread finished]
[INFO] [2018-11-16 19:26:16]:[start loop report thread]
[INFO] [2018-11-16 19:26:16]:[down load id2 keys]
[INFO] [2018-11-16 19:26:17]:[This license remaining id2 number - 81]
[INFO] [2018-11-16 19:26:17]:[id2 key type -> 3]
[INFO] [2018-11-16 19:26:17]:[id2 key size -> 16]
[INFO] [2018-11-16 19:26:17]:[id2 -> 0026512CCCAC07F77704C000]
[INFO] [2018-11-16 19:26:24]:[0026512CCCAC07F77704C000 burn success.]
[INFO] [2018-11-16 19:40:57]:[ds_init start...]
[INFO] [2018-11-16 19:40:57]:[start loop download thread]
[INFO] [2018-11-16 19:40:57]:[id2_sync_thread thread finished]
[INFO] [2018-11-16 19:40:57]:[start loop report thread]
[INFO] [2018-11-16 19:40:57]:[down load id2 keys]
[INFO] [2018-11-16 19:40:58]:[This license remaining id2 number - 80]
[INFO] [2018-11-16 19:40:58]:[id2 key type -> 3]
[INFO] [2018-11-16 19:40:58]:[id2 key size -> 16]
[INFO] [2018-11-16 19:40:58]:[id2 -> 0026512CCCAC07D4A53B2000]
[INFO] [2018-11-16 19:41:05]:[0026512CCCAC07D4A53B2000 burn success.]
[INFO] [2018-11-16 19:41:57]:[ds_init start...]
[INFO] [2018-11-16 19:41:57]:[start loop download thread]
[INFO] [2018-11-16 19:41:57]:[id2_sync_thread thread finished]
[INFO] [2018-11-16 19:41:58]:[start loop report thread]
[INFO] [2018-11-16 19:41:58]:[down load id2 keys]
[INFO] [2018-11-16 19:41:58]:[This license remaining id2 number - 79]
[INFO] [2018-11-16 19:41:58]:[id2 key type -> 3]
[INFO] [2018-11-16 19:41:58]:[id2 key size -> 16]
[INFO] [2018-11-16 19:41:58]:[id2 -> 0026512CCCAC078A0DBAC000]
[INFO] [2018-11-16 19:42:05]:[0026512CCCAC078A0DBAC000 burn success.]
[INFO] [2018-11-16 19:42:17]:[ds_init start...]
[INFO] [2018-11-16 19:42:17]:[start loop download thread]
[INFO] [2018-11-16 19:42:17]:[id2_sync_thread thread finished]
[INFO] [2018-11-16 19:42:17]:[start loop report thread]
[INFO] [2018-11-16 19:42:17]:[down load id2 keys]
[INFO] [2018-11-16 19:42:18]:[This license remaining id2 number - 78]
[INFO] [2018-11-16 19:42:18]:[id2 key type -> 3]
[INFO] [2018-11-16 19:42:18]:[id2 key size -> 16]
[INFO] [2018-11-16 19:42:18]:[id2 -> 0026512CCCAC07ED362CC500]
[INFO] [2018-11-16 19:42:25]:[0026512CCCAC07ED362CC500 burn success.]
[INFO] [2018-11-16 19:43:01]:[ds_init start...]
[INFO] [2018-11-16 19:43:01]:[start loop download thread]
[INFO] [2018-11-16 19:43:01]:[id2_sync_thread thread finished]
[INFO] [2018-11-16 19:43:01]:[start loop report thread]
[INFO] [2018-11-16 19:43:01]:[down load id2 keys]
[INFO] [2018-11-16 19:43:01]:[This license remaining id2 number - 77]
[INFO] [2018-11-16 19:43:01]:[id2 key type -> 3]
[INFO] [2018-11-16 19:43:01]:[id2 key size -> 16]
[INFO] [2018-11-16 19:43:01]:[id2 -> 0026512CCCAC071A43345D00]
[INFO] [2018-11-16 19:43:08]:[0026512CCCAC071A43345D00 burn success.]
[INFO] [2018-11-16 19:44:38]:[ds_init start...]
[INFO] [2018-11-16 19:44:38]:[start loop download thread]
[INFO] [2018-11-16 19:44:38]:[id2_sync_thread thread finished]
[INFO] [2018-11-16 19:44:39]:[start loop report thread]
[INFO] [2018-11-16 19:44:39]:[down load id2 keys]
[INFO] [2018-11-16 19:44:39]:[This license remaining id2 number - 76]
[INFO] [2018-11-16 19:44:39]:[id2 key type -> 3]
[INFO] [2018-11-16 19:44:39]:[id2 key size -> 16]
[INFO] [2018-11-16 19:44:39]:[id2 -> 0026512CCCAC0782E728D000]
[INFO] [2018-11-16 19:44:46]:[0026512CCCAC0782E728D000 burn success.]
[INFO] [2018-11-16 19:45:57]:[ds_init start...]
[INFO] [2018-11-16 19:45:57]:[start loop download thread]
[INFO] [2018-11-16 19:45:57]:[id2_sync_thread thread finished]
[INFO] [2018-11-16 19:45:58]:[start loop report thread]
[INFO] [2018-11-16 19:45:58]:[down load id2 keys]
[INFO] [2018-11-16 19:45:58]:[This license remaining id2 number - 75]
[INFO] [2018-11-16 19:45:58]:[id2 key type -> 3]
[INFO] [2018-11-16 19:45:58]:[id2 key size -> 16]
[INFO] [2018-11-16 19:45:58]:[id2 -> 0026512CCCAC07B51E826400]
[INFO] [2018-11-16 19:46:05]:[0026512CCCAC07B51E826400 burn success.]
[INFO] [2018-11-16 19:46:34]:[ds_init start...]
[INFO] [2018-11-16 19:46:34]:[start loop download thread]
[INFO] [2018-11-16 19:46:34]:[id2_sync_thread thread finished]
[INFO] [2018-11-16 19:46:34]:[start loop report thread]
[INFO] [2018-11-16 19:46:34]:[down load id2 keys]
[INFO] [2018-11-16 19:46:35]:[This license remaining id2 number - 74]
[INFO] [2018-11-16 19:46:35]:[id2 key type -> 3]
[INFO] [2018-11-16 19:46:35]:[id2 key size -> 16]
[INFO] [2018-11-16 19:46:35]:[id2 -> 0026512CCCAC07D26F22CF00]
[INFO] [2018-11-16 19:46:42]:[0026512CCCAC07D26F22CF00 burn success.]
[INFO] [2018-11-16 19:47:20]:[ds_init start...]
[INFO] [2018-11-16 19:47:20]:[start loop download thread]
[INFO] [2018-11-16 19:47:20]:[id2_sync_thread thread finished]
[INFO] [2018-11-16 19:47:20]:[start loop report thread]
[INFO] [2018-11-16 19:47:20]:[down load id2 keys]
[INFO] [2018-11-16 19:47:20]:[This license remaining id2 number - 73]
[INFO] [2018-11-16 19:47:20]:[id2 key type -> 3]
[INFO] [2018-11-16 19:47:20]:[id2 key size -> 16]
[INFO] [2018-11-16 19:47:20]:[id2 -> 0026512CCCAC0703D4D03800]
[INFO] [2018-11-16 19:47:27]:[0026512CCCAC0703D4D03800 burn success.]
[INFO] [2018-11-16 19:48:08]:[ds_init start...]
[INFO] [2018-11-16 19:48:08]:[start loop download thread]
[INFO] [2018-11-16 19:48:08]:[id2_sync_thread thread finished]
[INFO] [2018-11-16 19:48:08]:[start loop report thread]
[INFO] [2018-11-16 19:48:08]:[down load id2 keys]
[INFO] [2018-11-16 19:48:09]:[This license remaining id2 number - 72]
[INFO] [2018-11-16 19:48:09]:[id2 key type -> 3]
[INFO] [2018-11-16 19:48:09]:[id2 key size -> 16]
[INFO] [2018-11-16 19:48:09]:[id2 -> 0026512CCCAC074F00E9F800]
[INFO] [2018-11-16 19:48:16]:[0026512CCCAC074F00E9F800 burn success.]
[INFO] [2018-11-16 19:48:57]:[ds_init start...]
[INFO] [2018-11-16 19:48:57]:[start loop download thread]
[INFO] [2018-11-16 19:48:57]:[id2_sync_thread thread finished]
[INFO] [2018-11-16 19:48:58]:[start loop report thread]
[INFO] [2018-11-16 19:48:58]:[down load id2 keys]
[INFO] [2018-11-16 19:48:59]:[This license remaining id2 number - 71]
[INFO] [2018-11-16 19:48:59]:[id2 key type -> 3]
[INFO] [2018-11-16 19:48:59]:[id2 key size -> 16]
[INFO] [2018-11-16 19:48:59]:[id2 -> 0026512CCCAC0769C175F600]
[INFO] [2018-11-16 19:49:05]:[0026512CCCAC0769C175F600 burn success.]
[INFO] [2018-11-16 19:49:26]:[ds_init start...]
[INFO] [2018-11-16 19:49:26]:[start loop download thread]
[INFO] [2018-11-16 19:49:26]:[id2_sync_thread thread finished]
[INFO] [2018-11-16 19:49:26]:[start loop report thread]
[INFO] [2018-11-16 19:49:27]:[down load id2 keys]
[INFO] [2018-11-16 19:49:27]:[This license remaining id2 number - 70]
[INFO] [2018-11-16 19:49:27]:[id2 key type -> 3]
[INFO] [2018-11-16 19:49:27]:[id2 key size -> 16]
[INFO] [2018-11-16 19:49:27]:[id2 -> 0026512CCCAC076429C61D00]
[INFO] [2018-11-16 19:49:34]:[0026512CCCAC076429C61D00 burn success.]
[INFO] [2018-11-16 19:55:13]:[ds_init start...]
[INFO] [2018-11-16 19:55:13]:[start loop download thread]
[INFO] [2018-11-16 19:55:13]:[id2_sync_thread thread finished]
[INFO] [2018-11-16 19:55:14]:[start loop report thread]
[INFO] [2018-11-16 19:55:14]:[down load id2 keys]
[INFO] [2018-11-16 19:55:14]:[This license remaining id2 number - 69]
[INFO] [2018-11-16 19:55:14]:[id2 key type -> 3]
[INFO] [2018-11-16 19:55:14]:[id2 key size -> 16]
[INFO] [2018-11-16 19:55:14]:[id2 -> 0026512CCCAC07D9721A2800]
[INFO] [2018-11-16 19:56:03]:[ds_init start...]
[INFO] [2018-11-16 19:56:03]:[start loop download thread]
[INFO] [2018-11-16 19:56:03]:[id2_sync_thread thread finished]
[INFO] [2018-11-16 19:56:03]:[start loop report thread]
[INFO] [2018-11-16 19:56:04]:[down load id2 keys]
[INFO] [2018-11-16 19:56:04]:[This license remaining id2 number - 68]
[INFO] [2018-11-16 19:56:04]:[id2 key type -> 3]
[INFO] [2018-11-16 19:56:04]:[id2 key size -> 16]
[INFO] [2018-11-16 19:56:04]:[id2 -> 0026512CCCAC078F42740E00]
[INFO] [2018-11-16 19:57:33]:[ds_init start...]
[INFO] [2018-11-16 19:57:33]:[start loop download thread]
[INFO] [2018-11-16 19:57:33]:[id2_sync_thread thread finished]
[INFO] [2018-11-16 19:57:33]:[start loop report thread]
[INFO] [2018-11-16 19:57:33]:[down load id2 keys]
[INFO] [2018-11-16 19:57:33]:[This license remaining id2 number - 67]
[INFO] [2018-11-16 19:57:33]:[id2 key type -> 3]
[INFO] [2018-11-16 19:57:33]:[id2 key size -> 16]
[INFO] [2018-11-16 19:57:33]:[id2 -> 0026512CCCAC0718112FBF00]
[INFO] [2018-11-16 19:58:33]:[ds_init start...]
[INFO] [2018-11-16 19:58:33]:[start loop download thread]
[INFO] [2018-11-16 19:58:33]:[id2_sync_thread thread finished]
[INFO] [2018-11-16 19:58:33]:[start loop report thread]
[INFO] [2018-11-16 19:58:33]:[down load id2 keys]
[INFO] [2018-11-16 19:58:34]:[This license remaining id2 number - 66]
[INFO] [2018-11-16 19:58:34]:[id2 key type -> 3]
[INFO] [2018-11-16 19:58:34]:[id2 key size -> 16]
[INFO] [2018-11-16 19:58:34]:[id2 -> 0026512CCCAC07A044177D00]
[INFO] [2018-11-16 19:59:07]:[ds_init start...]
[INFO] [2018-11-16 19:59:07]:[start loop download thread]
[INFO] [2018-11-16 19:59:07]:[id2_sync_thread thread finished]
[INFO] [2018-11-16 19:59:07]:[start loop report thread]
[INFO] [2018-11-16 19:59:07]:[down load id2 keys]
[INFO] [2018-11-16 19:59:08]:[This license remaining id2 number - 65]
[INFO] [2018-11-16 19:59:08]:[id2 key type -> 3]
[INFO] [2018-11-16 19:59:08]:[id2 key size -> 16]
[INFO] [2018-11-16 19:59:08]:[id2 -> 0026512CCCAC078ABC44AF00]
[INFO] [2018-11-16 20:00:23]:[ds_init start...]
[INFO] [2018-11-16 20:00:23]:[start loop download thread]
[INFO] [2018-11-16 20:00:23]:[id2_sync_thread thread finished]
[INFO] [2018-11-16 20:00:23]:[start loop report thread]
[INFO] [2018-11-16 20:00:23]:[down load id2 keys]
[INFO] [2018-11-16 20:00:23]:[This license remaining id2 number - 64]
[INFO] [2018-11-16 20:00:23]:[id2 key type -> 3]
[INFO] [2018-11-16 20:00:23]:[id2 key size -> 16]
[INFO] [2018-11-16 20:00:23]:[id2 -> 0026512CCCAC07F96628C900]
[INFO] [2018-11-16 20:05:16]:[ds_init start...]
[INFO] [2018-11-16 20:05:16]:[start loop download thread]
[INFO] [2018-11-16 20:05:16]:[id2_sync_thread thread finished]
[INFO] [2018-11-16 20:05:16]:[start loop report thread]
[INFO] [2018-11-16 20:05:16]:[down load id2 keys]
[INFO] [2018-11-16 20:05:16]:[This license remaining id2 number - 63]
[INFO] [2018-11-16 20:05:16]:[id2 key type -> 3]
[INFO] [2018-11-16 20:05:16]:[id2 key size -> 16]
[INFO] [2018-11-16 20:05:16]:[id2 -> 0026512CCCAC07EB8A7C6600]
[INFO] [2018-11-16 20:06:51]:[ds_init start...]
[INFO] [2018-11-16 20:06:51]:[start loop download thread]
[INFO] [2018-11-16 20:06:51]:[id2_sync_thread thread finished]
[INFO] [2018-11-16 20:06:51]:[start loop report thread]
[INFO] [2018-11-16 20:06:52]:[down load id2 keys]
[INFO] [2018-11-16 20:06:52]:[This license remaining id2 number - 62]
[INFO] [2018-11-16 20:06:52]:[id2 key type -> 3]
[INFO] [2018-11-16 20:06:52]:[id2 key size -> 16]
[INFO] [2018-11-16 20:06:52]:[id2 -> 0026512CCCAC07DB649FB000]
[INFO] [2018-11-16 20:08:20]:[ds_init start...]
[INFO] [2018-11-16 20:08:20]:[start loop download thread]
[INFO] [2018-11-16 20:08:20]:[id2_sync_thread thread finished]
[INFO] [2018-11-16 20:08:20]:[start loop report thread]
[INFO] [2018-11-16 20:08:20]:[down load id2 keys]
[INFO] [2018-11-16 20:08:21]:[This license remaining id2 number - 61]
[INFO] [2018-11-16 20:08:21]:[id2 key type -> 3]
[INFO] [2018-11-16 20:08:21]:[id2 key size -> 16]
[INFO] [2018-11-16 20:08:21]:[id2 -> 0026512CCCAC07DFF3813D00]
[INFO] [2018-11-16 20:09:36]:[ds_init start...]
[INFO] [2018-11-16 20:09:36]:[start loop download thread]
[INFO] [2018-11-16 20:09:36]:[id2_sync_thread thread finished]
[INFO] [2018-11-16 20:09:36]:[start loop report thread]
[INFO] [2018-11-16 20:09:36]:[down load id2 keys]
[INFO] [2018-11-16 20:09:36]:[This license remaining id2 number - 60]
[INFO] [2018-11-16 20:09:36]:[id2 key type -> 3]
[INFO] [2018-11-16 20:09:36]:[id2 key size -> 16]
[INFO] [2018-11-16 20:09:36]:[id2 -> 0026512CCCAC07A765986E00]
[INFO] [2018-11-16 20:09:44]:[0026512CCCAC07A765986E00 burn success.]
[INFO] [2018-11-16 21:12:06]:[ds_init start...]
[INFO] [2018-11-16 21:12:06]:[start loop download thread]
[INFO] [2018-11-16 21:12:06]:[id2_sync_thread thread finished]
[INFO] [2018-11-16 21:12:06]:[start loop report thread]
[INFO] [2018-11-16 21:12:06]:[down load id2 keys]
[INFO] [2018-11-16 21:12:07]:[This license remaining id2 number - 59]
[INFO] [2018-11-16 21:12:07]:[id2 key type -> 3]
[INFO] [2018-11-16 21:12:07]:[id2 key size -> 16]
[INFO] [2018-11-16 21:12:07]:[id2 -> 0026512CCCAC07BA45368F00]
[INFO] [2018-11-16 21:12:14]:[0026512CCCAC07BA45368F00 burn success.]
[INFO] [2018-11-16 21:12:15]:[0026512CCCAC07BA45368F00 report success]
[INFO] [2018-11-16 21:12:15]:[0026512CCCAC07BA45368F00 remove success]
[INFO] [2018-11-16 21:14:03]:[ds_init start...]
[INFO] [2018-11-16 21:14:03]:[start loop download thread]
[INFO] [2018-11-16 21:14:03]:[id2_sync_thread thread finished]
[INFO] [2018-11-16 21:14:03]:[start loop report thread]
[INFO] [2018-11-16 21:14:03]:[down load id2 keys]
[INFO] [2018-11-16 21:14:04]:[This license remaining id2 number - 58]
[INFO] [2018-11-16 21:14:04]:[id2 key type -> 3]
[INFO] [2018-11-16 21:14:04]:[id2 key size -> 16]
[INFO] [2018-11-16 21:14:04]:[id2 -> 0026512CCCAC070CC0450F00]
[INFO] [2018-11-16 21:14:11]:[0026512CCCAC070CC0450F00 burn success.]
[INFO] [2018-11-16 21:14:11]:[0026512CCCAC070CC0450F00 report success]
[INFO] [2018-11-16 21:14:11]:[0026512CCCAC070CC0450F00 remove success]
[INFO] [2018-11-16 21:15:24]:[ds_init start...]
[INFO] [2018-11-16 21:15:24]:[start loop download thread]
[INFO] [2018-11-16 21:15:24]:[id2_sync_thread thread finished]
[INFO] [2018-11-16 21:15:24]:[start loop report thread]
[INFO] [2018-11-16 21:15:25]:[down load id2 keys]
[INFO] [2018-11-16 21:15:25]:[This license remaining id2 number - 57]
[INFO] [2018-11-16 21:15:25]:[id2 key type -> 3]
[INFO] [2018-11-16 21:15:25]:[id2 key size -> 16]
[INFO] [2018-11-16 21:15:25]:[id2 -> 0026512CCCAC07BE5D3DC400]
[INFO] [2018-11-16 21:15:33]:[0026512CCCAC07BE5D3DC400 burn success.]
[INFO] [2018-11-16 21:15:33]:[0026512CCCAC07BE5D3DC400 report success]
[INFO] [2018-11-16 21:15:33]:[0026512CCCAC07BE5D3DC400 remove success]
[INFO] [2018-11-16 21:18:53]:[ds_init start...]
[INFO] [2018-11-16 21:18:53]:[start loop download thread]
[INFO] [2018-11-16 21:18:53]:[id2_sync_thread thread finished]
[INFO] [2018-11-16 21:18:53]:[start loop report thread]
[INFO] [2018-11-16 21:18:53]:[down load id2 keys]
[INFO] [2018-11-16 21:18:55]:[This license remaining id2 number - 56]
[INFO] [2018-11-16 21:18:55]:[id2 key type -> 3]
[INFO] [2018-11-16 21:18:55]:[id2 key size -> 16]
[INFO] [2018-11-16 21:18:55]:[id2 -> 0026512CCCAC071099F8A300]
[INFO] [2018-11-16 21:19:02]:[0026512CCCAC071099F8A300 burn success.]
[INFO] [2018-11-16 21:19:03]:[0026512CCCAC071099F8A300 report success]
[INFO] [2018-11-16 21:19:03]:[0026512CCCAC071099F8A300 remove success]
[INFO] [2018-11-16 21:19:43]:[ds_init start...]
[INFO] [2018-11-16 21:19:43]:[start loop download thread]
[INFO] [2018-11-16 21:19:43]:[id2_sync_thread thread finished]
[INFO] [2018-11-16 21:19:43]:[start loop report thread]
[INFO] [2018-11-16 21:19:44]:[down load id2 keys]
[INFO] [2018-11-16 21:19:44]:[This license remaining id2 number - 55]
[INFO] [2018-11-16 21:19:44]:[id2 key type -> 3]
[INFO] [2018-11-16 21:19:44]:[id2 key size -> 16]
[INFO] [2018-11-16 21:19:44]:[id2 -> 0026512CCCAC072893567600]
[INFO] [2018-11-16 21:19:52]:[0026512CCCAC072893567600 burn success.]
[INFO] [2018-11-16 21:19:52]:[0026512CCCAC072893567600 report success]
[INFO] [2018-11-16 21:19:52]:[0026512CCCAC072893567600 remove success]
[INFO] [2018-11-16 21:20:03]:[ds_init start...]
[INFO] [2018-11-16 21:20:03]:[start loop download thread]
[INFO] [2018-11-16 21:20:03]:[id2_sync_thread thread finished]
[INFO] [2018-11-16 21:20:03]:[start loop report thread]
[INFO] [2018-11-16 21:20:04]:[down load id2 keys]
[INFO] [2018-11-16 21:20:04]:[This license remaining id2 number - 54]
[INFO] [2018-11-16 21:20:04]:[id2 -> 0026512CCCAC07F556E23700]
[INFO] [2018-11-16 21:20:38]:[ds_init start...]
[INFO] [2018-11-16 21:20:38]:[start loop download thread]
[INFO] [2018-11-16 21:20:38]:[id2_sync_thread thread finished]
[INFO] [2018-11-16 21:20:38]:[start loop report thread]
[INFO] [2018-11-16 21:20:39]:[down load id2 keys]
[INFO] [2018-11-16 21:20:39]:[This license remaining id2 number - 53]
[INFO] [2018-11-16 21:20:39]:[id2 key type -> 3]
[INFO] [2018-11-16 21:20:39]:[id2 key size -> 16]
[INFO] [2018-11-16 21:20:39]:[id2 -> 0026512CCCAC073675927300]
[INFO] [2018-11-16 21:20:47]:[0026512CCCAC073675927300 burn success.]
[INFO] [2018-11-16 21:20:47]:[0026512CCCAC073675927300 report success]
[INFO] [2018-11-16 21:20:47]:[0026512CCCAC073675927300 remove success]
[INFO] [2018-11-16 21:25:43]:[ds_init start...]
[INFO] [2018-11-16 21:25:43]:[start loop download thread]
[INFO] [2018-11-16 21:25:43]:[id2_sync_thread thread finished]
[INFO] [2018-11-16 21:25:44]:[start loop report thread]
[INFO] [2018-11-16 21:25:44]:[down load id2 keys]
[INFO] [2018-11-16 21:25:45]:[This license remaining id2 number - 52]
[INFO] [2018-11-16 21:25:45]:[id2 key type -> 3]
[INFO] [2018-11-16 21:25:45]:[id2 key size -> 16]
[INFO] [2018-11-16 21:25:45]:[id2 -> 0026512CCCAC072D0288FC00]
[INFO] [2018-11-16 21:25:52]:[0026512CCCAC072D0288FC00 burn success.]
[INFO] [2018-11-16 21:25:52]:[0026512CCCAC072D0288FC00 report success]
[INFO] [2018-11-16 21:25:52]:[0026512CCCAC072D0288FC00 remove success]
[INFO] [2018-11-16 21:25:56]:[ds_init start...]
[INFO] [2018-11-16 21:25:56]:[start loop download thread]
[INFO] [2018-11-16 21:25:56]:[id2_sync_thread thread finished]
[INFO] [2018-11-16 21:25:56]:[start loop report thread]
[INFO] [2018-11-16 21:25:56]:[down load id2 keys]
[INFO] [2018-11-16 21:25:57]:[This license remaining id2 number - 51]
[INFO] [2018-11-16 21:25:57]:[id2 -> 0026512CCCAC0760159C7700]
[INFO] [2018-11-16 21:26:04]:[0026512CCCAC0760159C7700 burn success.]
[INFO] [2018-11-16 21:26:04]:[0026512CCCAC0760159C7700 report success]
[INFO] [2018-11-16 21:26:04]:[0026512CCCAC0760159C7700 remove success]
[INFO] [2018-11-16 21:26:04]:[0026512CCCAC0760159C7700 report success]
[INFO] [2018-11-16 21:26:04]:[0026512CCCAC0760159C7700 remove success]
[INFO] [2018-11-16 21:26:10]:[ds_init start...]
[ERROR] [2018-11-16 21:26:10]:[SQL execute erro:(null)]
[INFO] [2018-11-16 21:26:10]:[start loop download thread]
[INFO] [2018-11-16 21:26:10]:[id2_sync_thread thread finished]
[INFO] [2018-11-16 21:26:10]:[start loop report thread]
[INFO] [2018-11-16 21:26:10]:[down load id2 keys]
[INFO] [2018-11-16 21:26:10]:[This license remaining id2 number - 50]
[INFO] [2018-11-16 21:26:10]:[id2 -> 0026512CCCAC078754FBA300]
[INFO] [2018-11-16 21:26:17]:[0026512CCCAC078754FBA300 burn success.]
[INFO] [2018-11-16 21:26:18]:[0026512CCCAC078754FBA300 report success]
[INFO] [2018-11-16 21:26:18]:[0026512CCCAC078754FBA300 remove success]
[INFO] [2018-11-16 21:26:18]:[0026512CCCAC078754FBA300 report success]
[INFO] [2018-11-16 21:26:18]:[0026512CCCAC078754FBA300 remove success]
[INFO] [2018-11-16 21:26:22]:[ds_init start...]
[INFO] [2018-11-16 21:26:22]:[start loop download thread]
[INFO] [2018-11-16 21:26:22]:[id2_sync_thread thread finished]
[INFO] [2018-11-16 21:26:22]:[start loop report thread]
[INFO] [2018-11-16 21:26:32]:[down load id2 keys]
[INFO] [2018-11-16 21:27:33]:[ds_init start...]
[INFO] [2018-11-16 21:27:33]:[start loop download thread]
[INFO] [2018-11-16 21:27:33]:[id2_sync_thread thread finished]
[INFO] [2018-11-16 21:27:33]:[start loop report thread]
[INFO] [2018-11-16 21:27:33]:[down load id2 keys]
[INFO] [2018-11-16 21:27:34]:[This license remaining id2 number - 49]
[INFO] [2018-11-16 21:27:34]:[id2 key type -> 3]
[INFO] [2018-11-16 21:27:34]:[id2 key size -> 16]
[INFO] [2018-11-16 21:27:34]:[id2 -> 0026512CCCAC07DD38082700]
[INFO] [2018-11-16 21:27:41]:[0026512CCCAC07DD38082700 burn success.]
[INFO] [2018-11-16 21:27:41]:[0026512CCCAC07DD38082700 report success]
[INFO] [2018-11-16 21:27:41]:[0026512CCCAC07DD38082700 remove success]
[INFO] [2018-11-16 21:30:48]:[ds_init start...]
[INFO] [2018-11-16 21:30:48]:[start loop download thread]
[INFO] [2018-11-16 21:30:48]:[id2_sync_thread thread finished]
[INFO] [2018-11-16 21:30:49]:[start loop report thread]
[INFO] [2018-11-16 21:30:49]:[down load id2 keys]
[INFO] [2018-11-16 21:30:50]:[This license remaining id2 number - 48]
[INFO] [2018-11-16 21:30:50]:[id2 key type -> 3]
[INFO] [2018-11-16 21:30:50]:[id2 key size -> 16]
[INFO] [2018-11-16 21:30:50]:[id2 -> 0026512CCCAC0745D317C900]
[INFO] [2018-11-16 21:30:57]:[0026512CCCAC0745D317C900 burn success.]
[INFO] [2018-11-16 21:30:57]:[0026512CCCAC0745D317C900 report success]
[INFO] [2018-11-16 21:30:57]:[0026512CCCAC0745D317C900 remove success]
[INFO] [2018-11-16 21:31:08]:[ds_init start...]
[INFO] [2018-11-16 21:31:08]:[start loop download thread]
[INFO] [2018-11-16 21:31:08]:[id2_sync_thread thread finished]
[INFO] [2018-11-16 21:31:08]:[start loop report thread]
[INFO] [2018-11-16 21:31:09]:[down load id2 keys]
[INFO] [2018-11-16 21:31:09]:[This license remaining id2 number - 47]
[INFO] [2018-11-16 21:31:09]:[id2 -> 0026512CCCAC071E03173800]
[INFO] [2018-11-16 21:32:42]:[ds_init start...]
[INFO] [2018-11-16 21:32:42]:[start loop download thread]
[INFO] [2018-11-16 21:32:42]:[id2_sync_thread thread finished]
[INFO] [2018-11-16 21:32:42]:[start loop report thread]
[INFO] [2018-11-16 21:32:42]:[down load id2 keys]
[INFO] [2018-11-16 21:32:43]:[This license remaining id2 number - 46]
[INFO] [2018-11-16 21:32:43]:[id2 key type -> 3]
[INFO] [2018-11-16 21:32:43]:[id2 key size -> 16]
[INFO] [2018-11-16 21:32:43]:[id2 -> 0026512CCCAC07FB83604800]
[INFO] [2018-11-16 21:32:50]:[0026512CCCAC07FB83604800 burn success.]
[INFO] [2018-11-16 21:32:51]:[0026512CCCAC07FB83604800 report success]
[INFO] [2018-11-16 21:32:51]:[0026512CCCAC07FB83604800 remove success]
[INFO] [2018-11-16 21:32:57]:[ds_init start...]
[INFO] [2018-11-16 21:32:57]:[start loop download thread]
[INFO] [2018-11-16 21:32:57]:[id2_sync_thread thread finished]
[INFO] [2018-11-16 21:32:57]:[start loop report thread]
[INFO] [2018-11-16 21:32:57]:[down load id2 keys]
[INFO] [2018-11-16 21:32:57]:[This license remaining id2 number - 45]
[INFO] [2018-11-16 21:32:57]:[id2 -> 0026512CCCAC07C4EE566900]
[INFO] [2018-11-16 21:33:04]:[0026512CCCAC07C4EE566900 burn success.]
[INFO] [2018-11-16 21:33:04]:[0026512CCCAC07C4EE566900 report success]
[INFO] [2018-11-16 21:33:04]:[0026512CCCAC07C4EE566900 remove success]
[INFO] [2018-11-16 21:33:05]:[0026512CCCAC07C4EE566900 report success]
[INFO] [2018-11-16 21:33:05]:[0026512CCCAC07C4EE566900 remove success]
[INFO] [2018-11-16 21:33:08]:[ds_init start...]
[INFO] [2018-11-16 21:33:08]:[start loop download thread]
[INFO] [2018-11-16 21:33:08]:[id2_sync_thread thread finished]
[INFO] [2018-11-16 21:33:14]:[start loop report thread]
[INFO] [2018-11-16 21:37:43]:[ds_init start...]
[INFO] [2018-11-16 21:37:43]:[start loop download thread]
[INFO] [2018-11-16 21:37:43]:[id2_sync_thread thread finished]
[INFO] [2018-11-16 21:37:43]:[start loop report thread]
[INFO] [2018-11-16 21:37:43]:[down load id2 keys]
[INFO] [2018-11-16 21:37:44]:[This license remaining id2 number - 44]
[INFO] [2018-11-16 21:37:44]:[id2 key type -> 3]
[INFO] [2018-11-16 21:37:44]:[id2 key size -> 16]
[INFO] [2018-11-16 21:37:44]:[id2 -> 0026512CCCAC0743DEC17500]
[INFO] [2018-11-16 21:37:51]:[0026512CCCAC0743DEC17500 burn success.]
[INFO] [2018-11-16 21:37:51]:[0026512CCCAC0743DEC17500 report success]
[INFO] [2018-11-16 21:37:51]:[0026512CCCAC0743DEC17500 remove success]
[INFO] [2018-11-16 21:38:06]:[ds_init start...]
[INFO] [2018-11-16 21:38:06]:[start loop download thread]
[INFO] [2018-11-16 21:38:06]:[id2_sync_thread thread finished]
[INFO] [2018-11-16 21:38:06]:[start loop report thread]
[INFO] [2018-11-16 21:38:06]:[down load id2 keys]
[INFO] [2018-11-16 21:38:06]:[This license remaining id2 number - 43]
[INFO] [2018-11-16 21:38:06]:[id2 -> 0026512CCCAC079E730AF300]
[INFO] [2018-11-16 21:40:18]:[ds_init start...]
[INFO] [2018-11-16 21:40:18]:[start loop download thread]
[INFO] [2018-11-16 21:40:18]:[id2_sync_thread thread finished]
[INFO] [2018-11-16 21:40:19]:[start loop report thread]
[INFO] [2018-11-16 21:40:19]:[down load id2 keys]
[INFO] [2018-11-16 21:40:19]:[This license remaining id2 number - 42]
[INFO] [2018-11-16 21:40:19]:[id2 key type -> 3]
[INFO] [2018-11-16 21:40:19]:[id2 key size -> 16]
[INFO] [2018-11-16 21:40:19]:[id2 -> 0026512CCCAC07380E877400]
[INFO] [2018-11-16 21:40:27]:[0026512CCCAC07380E877400 burn success.]
[INFO] [2018-11-16 21:40:27]:[0026512CCCAC07380E877400 report success]
[INFO] [2018-11-16 21:40:27]:[0026512CCCAC07380E877400 remove success]
